This is pdfTeX, Version 3.141592653-2.6-1.40.25 (TeX Live 2023/Debian) (preloaded format=pdflatex 2024.9.1)  19 SEP 2024 23:26
entering extended mode
 restricted \write18 enabled.
 file:line:error style messages enabled.
 %&-line parsing enabled.
**/home/soundskydriver/Documents/ComputationalComplexity/practica_uno/src/reports/practica_uno.tex
(/home/soundskydriver/Documents/ComputationalComplexity/practica_uno/src/reports/practica_uno.tex
LaTeX2e <2023-11-01> patch level 1
L3 programming layer <2024-01-22>
(/usr/share/texlive/texmf-dist/tex/latex/base/article.cls
Document Class: article 2023/05/17 v1.4n Standard LaTeX document class
(/usr/share/texlive/texmf-dist/tex/latex/base/size10.clo
File: size10.clo 2023/05/17 v1.4n Standard LaTeX file (size option)
)
\c@part=\count187
\c@section=\count188
\c@subsection=\count189
\c@subsubsection=\count190
\c@paragraph=\count191
\c@subparagraph=\count192
\c@figure=\count193
\c@table=\count194
\abovecaptionskip=\skip48
\belowcaptionskip=\skip49
\bibindent=\dimen140
) (/usr/share/texlive/texmf-dist/tex/latex/base/inputenc.sty
Package: inputenc 2021/02/14 v1.3d Input encoding file
\inpenc@prehook=\toks17
\inpenc@posthook=\toks18
) (/usr/share/texlive/texmf-dist/tex/latex/amsmath/amsmath.sty
Package: amsmath 2023/05/13 v2.17o AMS math features
\@mathmargin=\skip50

For additional information on amsmath, use the `?' option.
(/usr/share/texlive/texmf-dist/tex/latex/amsmath/amstext.sty
Package: amstext 2021/08/26 v2.01 AMS text
 (/usr/share/texlive/texmf-dist/tex/latex/amsmath/amsgen.sty
File: amsgen.sty 1999/11/30 v2.0 generic functions
\@emptytoks=\toks19
\ex@=\dimen141
)) (/usr/share/texlive/texmf-dist/tex/latex/amsmath/amsbsy.sty
Package: amsbsy 1999/11/29 v1.2d Bold Symbols
\pmbraise@=\dimen142
) (/usr/share/texlive/texmf-dist/tex/latex/amsmath/amsopn.sty
Package: amsopn 2022/04/08 v2.04 operator names
)
\inf@bad=\count195
LaTeX Info: Redefining \frac on input line 234.
\uproot@=\count196
\leftroot@=\count197
LaTeX Info: Redefining \overline on input line 399.
LaTeX Info: Redefining \colon on input line 410.
\classnum@=\count198
\DOTSCASE@=\count199
LaTeX Info: Redefining \ldots on input line 496.
LaTeX Info: Redefining \dots on input line 499.
LaTeX Info: Redefining \cdots on input line 620.
\Mathstrutbox@=\box51
\strutbox@=\box52
LaTeX Info: Redefining \big on input line 722.
LaTeX Info: Redefining \Big on input line 723.
LaTeX Info: Redefining \bigg on input line 724.
LaTeX Info: Redefining \Bigg on input line 725.
\big@size=\dimen143
LaTeX Font Info:    Redeclaring font encoding OML on input line 743.
LaTeX Font Info:    Redeclaring font encoding OMS on input line 744.
\macc@depth=\count266
LaTeX Info: Redefining \bmod on input line 905.
LaTeX Info: Redefining \pmod on input line 910.
LaTeX Info: Redefining \smash on input line 940.
LaTeX Info: Redefining \relbar on input line 970.
LaTeX Info: Redefining \Relbar on input line 971.
\c@MaxMatrixCols=\count267
\dotsspace@=\muskip16
\c@parentequation=\count268
\dspbrk@lvl=\count269
\tag@help=\toks20
\row@=\count270
\column@=\count271
\maxfields@=\count272
\andhelp@=\toks21
\eqnshift@=\dimen144
\alignsep@=\dimen145
\tagshift@=\dimen146
\tagwidth@=\dimen147
\totwidth@=\dimen148
\lineht@=\dimen149
\@envbody=\toks22
\multlinegap=\skip51
\multlinetaggap=\skip52
\mathdisplay@stack=\toks23
LaTeX Info: Redefining \[ on input line 2953.
LaTeX Info: Redefining \] on input line 2954.
) (/usr/share/texlive/texmf-dist/tex/latex/algorithms/algorithm.sty
Package: algorithm 2009/08/24 v0.1 Document Style `algorithm' - floating environment
 (/usr/share/texlive/texmf-dist/tex/latex/float/float.sty
Package: float 2001/11/08 v1.3d Float enhancements (AL)
\c@float@type=\count273
\float@exts=\toks24
\float@box=\box53
\@float@everytoks=\toks25
\@floatcapt=\box54
) (/usr/share/texlive/texmf-dist/tex/latex/base/ifthen.sty
Package: ifthen 2022/04/13 v1.1d Standard LaTeX ifthen package (DPC)
)
\@float@every@algorithm=\toks26
\c@algorithm=\count274
) (/usr/share/texlive/texmf-dist/tex/latex/algorithmicx/algpseudocode.sty
Package: algpseudocode 
 (/usr/share/texlive/texmf-dist/tex/latex/algorithmicx/algorithmicx.sty
Package: algorithmicx 2005/04/27 v1.2 Algorithmicx

Document Style algorithmicx 1.2 - a greatly improved `algorithmic' style
\c@ALG@line=\count275
\c@ALG@rem=\count276
\c@ALG@nested=\count277
\ALG@tlm=\skip53
\ALG@thistlm=\skip54
\c@ALG@Lnr=\count278
\c@ALG@blocknr=\count279
\c@ALG@storecount=\count280
\c@ALG@tmpcounter=\count281
\ALG@tmplength=\skip55
)
Document Style - pseudocode environments for use with the `algorithmicx' style
) (/usr/share/texlive/texmf-dist/tex/latex/graphics/graphicx.sty
Package: graphicx 2021/09/16 v1.2d Enhanced LaTeX Graphics (DPC,SPQR)
 (/usr/share/texlive/texmf-dist/tex/latex/graphics/keyval.sty
Package: keyval 2022/05/29 v1.15 key=value parser (DPC)
\KV@toks@=\toks27
) (/usr/share/texlive/texmf-dist/tex/latex/graphics/graphics.sty
Package: graphics 2022/03/10 v1.4e Standard LaTeX Graphics (DPC,SPQR)
 (/usr/share/texlive/texmf-dist/tex/latex/graphics/trig.sty
Package: trig 2021/08/11 v1.11 sin cos tan (DPC)
) (/usr/share/texlive/texmf-dist/tex/latex/graphics-cfg/graphics.cfg
File: graphics.cfg 2016/06/04 v1.11 sample graphics configuration
)
Package graphics Info: Driver file: pdftex.def on input line 107.
 (/usr/share/texlive/texmf-dist/tex/latex/graphics-def/pdftex.def
File: pdftex.def 2022/09/22 v1.2b Graphics/color driver for pdftex
))
\Gin@req@height=\dimen150
\Gin@req@width=\dimen151
) (/usr/share/texlive/texmf-dist/tex/latex/caption/subcaption.sty
Package: subcaption 2023/07/28 v1.6b Sub-captions (AR)
 (/usr/share/texlive/texmf-dist/tex/latex/caption/caption.sty
Package: caption 2023/08/05 v3.6o Customizing captions (AR)
 (/usr/share/texlive/texmf-dist/tex/latex/caption/caption3.sty
Package: caption3 2023/07/31 v2.4d caption3 kernel (AR)
\caption@tempdima=\dimen152
\captionmargin=\dimen153
\caption@leftmargin=\dimen154
\caption@rightmargin=\dimen155
\caption@width=\dimen156
\caption@indent=\dimen157
\caption@parindent=\dimen158
\caption@hangindent=\dimen159
Package caption Info: Standard document class detected.
)
\c@caption@flags=\count282
\c@continuedfloat=\count283
Package caption Info: float package is loaded.
)
Package caption Info: New subtype `subfigure' on input line 238.
\c@subfigure=\count284
Package caption Info: New subtype `subtable' on input line 238.
\c@subtable=\count285
) (/usr/share/texlive/texmf-dist/tex/latex/l3backend/l3backend-pdftex.def
File: l3backend-pdftex.def 2024-01-04 L3 backend support: PDF output (pdfTeX)
\l__color_backend_stack_int=\count286
\l__pdf_internal_box=\box55
) (build/practica_uno.aux

LaTeX Warning: Label `fig:subfig1' multiply defined.


LaTeX Warning: Label `sub@fig:subfig1' multiply defined.


LaTeX Warning: Label `fig:subfig2' multiply defined.


LaTeX Warning: Label `sub@fig:subfig2' multiply defined.


LaTeX Warning: Label `fig:subfig3' multiply defined.


LaTeX Warning: Label `sub@fig:subfig3' multiply defined.


LaTeX Warning: Label `fig:subfig4' multiply defined.


LaTeX Warning: Label `sub@fig:subfig4' multiply defined.


LaTeX Warning: Label `fig:subfig5' multiply defined.


LaTeX Warning: Label `sub@fig:subfig5' multiply defined.


LaTeX Warning: Label `fig:all_subfigures' multiply defined.

)
\openout1 = `practica_uno.aux'.

LaTeX Font Info:    Checking defaults for OML/cmm/m/it on input line 15.
LaTeX Font Info:    ... okay on input line 15.
LaTeX Font Info:    Checking defaults for OMS/cmsy/m/n on input line 15.
LaTeX Font Info:    ... okay on input line 15.
LaTeX Font Info:    Checking defaults for OT1/cmr/m/n on input line 15.
LaTeX Font Info:    ... okay on input line 15.
LaTeX Font Info:    Checking defaults for T1/cmr/m/n on input line 15.
LaTeX Font Info:    ... okay on input line 15.
LaTeX Font Info:    Checking defaults for TS1/cmr/m/n on input line 15.
LaTeX Font Info:    ... okay on input line 15.
LaTeX Font Info:    Checking defaults for OMX/cmex/m/n on input line 15.
LaTeX Font Info:    ... okay on input line 15.
LaTeX Font Info:    Checking defaults for U/cmr/m/n on input line 15.
LaTeX Font Info:    ... okay on input line 15.
 (/usr/share/texlive/texmf-dist/tex/context/base/mkii/supp-pdf.mkii
[Loading MPS to PDF converter (version 2006.09.02).]
\scratchcounter=\count287
\scratchdimen=\dimen160
\scratchbox=\box56
\nofMPsegments=\count288
\nofMParguments=\count289
\everyMPshowfont=\toks28
\MPscratchCnt=\count290
\MPscratchDim=\dimen161
\MPnumerator=\count291
\makeMPintoPDFobject=\count292
\everyMPtoPDFconversion=\toks29
) (/usr/share/texlive/texmf-dist/tex/latex/epstopdf-pkg/epstopdf-base.sty
Package: epstopdf-base 2020-01-24 v2.11 Base part for package epstopdf
Package epstopdf-base Info: Redefining graphics rule for `.eps' on input line 485.
 (/usr/share/texlive/texmf-dist/tex/latex/latexconfig/epstopdf-sys.cfg
File: epstopdf-sys.cfg 2010/07/13 v1.3 Configuration of (r)epstopdf for TeX Live
))
Package caption Info: Begin \AtBeginDocument code.
Package caption Info: End \AtBeginDocument code.
 [1

{/var/lib/texmf/fonts/map/pdftex/updmap/pdftex.map}]
<../images/Screenshot from 2024-09-19 23-21-09.png, id=15, 1385.175pt x 412.54124pt>
File: ../images/Screenshot from 2024-09-19 23-21-09.png Graphic file (type png)
<use ../images/Screenshot from 2024-09-19 23-21-09.png>
Package pdftex.def Info: ../images/Screenshot from 2024-09-19 23-21-09.png  used on input line 73.
(pdftex.def)             Requested size: 241.49895pt x 71.92511pt.
<../images/Screenshot from 2024-09-19 23-21-12.png, id=17, 1385.175pt x 412.54124pt>
File: ../images/Screenshot from 2024-09-19 23-21-12.png Graphic file (type png)
<use ../images/Screenshot from 2024-09-19 23-21-12.png>
Package pdftex.def Info: ../images/Screenshot from 2024-09-19 23-21-12.png  used on input line 80.
(pdftex.def)             Requested size: 241.49895pt x 71.92511pt.
<../images/Screenshot from 2024-09-19 23-21-17.png, id=18, 1385.175pt x 412.54124pt>
File: ../images/Screenshot from 2024-09-19 23-21-17.png Graphic file (type png)
<use ../images/Screenshot from 2024-09-19 23-21-17.png>
Package pdftex.def Info: ../images/Screenshot from 2024-09-19 23-21-17.png  used on input line 87.
(pdftex.def)             Requested size: 241.49895pt x 71.92511pt.
<../images/Screenshot from 2024-09-19 23-21-22.png, id=19, 1385.175pt x 412.54124pt>
File: ../images/Screenshot from 2024-09-19 23-21-22.png Graphic file (type png)
<use ../images/Screenshot from 2024-09-19 23-21-22.png>
Package pdftex.def Info: ../images/Screenshot from 2024-09-19 23-21-22.png  used on input line 96.
(pdftex.def)             Requested size: 241.49895pt x 71.92511pt.
<../images/Screenshot from 2024-09-19 23-21-26.png, id=20, 1385.175pt x 412.54124pt>
File: ../images/Screenshot from 2024-09-19 23-21-26.png Graphic file (type png)
<use ../images/Screenshot from 2024-09-19 23-21-26.png>
Package pdftex.def Info: ../images/Screenshot from 2024-09-19 23-21-26.png  used on input line 103.
(pdftex.def)             Requested size: 241.49895pt x 71.92511pt.
 [2]
Underfull \hbox (badness 10000) in paragraph at lines 143--144
[]\OT1/cmr/bx/n/10 func-tion \OT1/cmr/m/sc/10 knap-sack[]solver\OT1/cmr/m/n/10 (Item: List of [item[]weight, value],
 []

[3 <../images/Screenshot from 2024-09-19 23-21-09.png> <../images/Screenshot from 2024-09-19 23-21-12.png> <../images/Screenshot from 2024-09-19 23-21-17.png> <../images/Screenshot from 2024-09-19 23-21-22.png> <../images/Screenshot from 2024-09-19 23-21-26.png>] [4]
<../images/Screenshot from 2024-09-19 23-04-13.png, id=37, 1300.86pt x 413.545pt>
File: ../images/Screenshot from 2024-09-19 23-04-13.png Graphic file (type png)
<use ../images/Screenshot from 2024-09-19 23-04-13.png>
Package pdftex.def Info: ../images/Screenshot from 2024-09-19 23-04-13.png  used on input line 179.
(pdftex.def)             Requested size: 241.49895pt x 76.76965pt.
<../images/Screenshot from 2024-09-19 23-03-51.png, id=38, 1300.86pt x 413.545pt>
File: ../images/Screenshot from 2024-09-19 23-03-51.png Graphic file (type png)
<use ../images/Screenshot from 2024-09-19 23-03-51.png>
Package pdftex.def Info: ../images/Screenshot from 2024-09-19 23-03-51.png  used on input line 186.
(pdftex.def)             Requested size: 241.49895pt x 76.76965pt.
<../images/Screenshot from 2024-09-19 23-03-59.png, id=39, 1300.86pt x 413.545pt>
File: ../images/Screenshot from 2024-09-19 23-03-59.png Graphic file (type png)
<use ../images/Screenshot from 2024-09-19 23-03-59.png>
Package pdftex.def Info: ../images/Screenshot from 2024-09-19 23-03-59.png  used on input line 193.
(pdftex.def)             Requested size: 241.49895pt x 76.76965pt.
<../images/Screenshot from 2024-09-19 23-04-05.png, id=40, 1300.86pt x 413.545pt>
File: ../images/Screenshot from 2024-09-19 23-04-05.png Graphic file (type png)
<use ../images/Screenshot from 2024-09-19 23-04-05.png>
Package pdftex.def Info: ../images/Screenshot from 2024-09-19 23-04-05.png  used on input line 202.
(pdftex.def)             Requested size: 241.49895pt x 76.76965pt.
<../images/Screenshot from 2024-09-19 23-04-09.png, id=41, 1300.86pt x 413.545pt>
File: ../images/Screenshot from 2024-09-19 23-04-09.png Graphic file (type png)
<use ../images/Screenshot from 2024-09-19 23-04-09.png>
Package pdftex.def Info: ../images/Screenshot from 2024-09-19 23-04-09.png  used on input line 209.
(pdftex.def)             Requested size: 241.49895pt x 76.76965pt.
 [5] [6 <../images/Screenshot from 2024-09-19 23-04-13.png> <../images/Screenshot from 2024-09-19 23-03-51.png> <../images/Screenshot from 2024-09-19 23-03-59.png> <../images/Screenshot from 2024-09-19 23-04-05.png> <../images/Screenshot from 2024-09-19 23-04-09.png>] (build/practica_uno.aux)
 ***********
LaTeX2e <2023-11-01> patch level 1
L3 programming layer <2024-01-22>
 ***********


LaTeX Warning: There were multiply-defined labels.

 ) 
Here is how much of TeX's memory you used:
 4287 strings out of 474222
 74429 string characters out of 5748734
 1936975 words of memory out of 5000000
 26525 multiletter control sequences out of 15000+600000
 564220 words of font info for 58 fonts, out of 8000000 for 9000
 1141 hyphenation exceptions out of 8191
 67i,8n,77p,467b,500s stack positions out of 10000i,1000n,20000p,200000b,200000s
</usr/share/texlive/texmf-dist/fonts/type1/public/amsfonts/cm/cmbx10.pfb></usr/share/texlive/texmf-dist/fonts/type1/public/amsfonts/cm/cmbx12.pfb></usr/share/texlive/texmf-dist/fonts/type1/public/amsfonts/cm/cmcsc10.pfb></usr/share/texlive/texmf-dist/fonts/type1/public/amsfonts/cm/cmmi10.pfb></usr/share/texlive/texmf-dist/fonts/type1/public/amsfonts/cm/cmmi7.pfb></usr/share/texlive/texmf-dist/fonts/type1/public/amsfonts/cm/cmr10.pfb></usr/share/texlive/texmf-dist/fonts/type1/public/amsfonts/cm/cmr12.pfb></usr/share/texlive/texmf-dist/fonts/type1/public/amsfonts/cm/cmr17.pfb></usr/share/texlive/texmf-dist/fonts/type1/public/amsfonts/cm/cmr8.pfb></usr/share/texlive/texmf-dist/fonts/type1/public/amsfonts/cm/cmr9.pfb></usr/share/texlive/texmf-dist/fonts/type1/public/amsfonts/cm/cmsy10.pfb></usr/share/texlive/texmf-dist/fonts/type1/public/amsfonts/cm/cmtt10.pfb>
Output written on build/practica_uno.pdf (6 pages, 541114 bytes).
PDF statistics:
 104 PDF objects out of 1000 (max. 8388607)
 51 compressed objects within 1 object stream
 0 named destinations out of 1000 (max. 500000)
 51 words of extra memory for PDF output out of 10000 (max. 10000000)

